<?xml version="1.0" encoding="UTF-8"?>
<!-- Generated by org.testng.reporters.JUnitXMLReporter -->
<testsuite hostname="DESKTOP-CIA7Q19" ignored="0" name="Test" tests="1" failures="1" timestamp="13 Oct 2022 08:39:08 GMT" time="0.057" errors="0">
  <testcase name="method" time="0.016" classname="com.crm.organization.dummis">
    <failure type="java.lang.NullPointerException">
      <![CDATA[java.lang.NullPointerException
	at com.crm.organization.dummis.method(dummis.java:20)
... Removed 25 stack frames]]>
    </failure>
  </testcase> <!-- method -->
</testsuite> <!-- Test -->
